TN:
SF:/Users/pelumialeshinloye/Documents/Pelumi/Banka-UI/src/components/common/Form/Form.js
FN:4,(anonymous_0)
FNF:1
FNH:1
FNDA:2,(anonymous_0)
DA:4,1
DA:5,2
DA:16,1
LF:3
LH:3
BRF:0
BRH:0
end_of_record
TN:
SF:/Users/pelumialeshinloye/Documents/Pelumi/Banka-UI/src/components/common/button/button.js
FN:4,(anonymous_0)
FNF:1
FNH:1
FNDA:1,(anonymous_0)
DA:4,3
DA:5,1
DA:17,3
LF:3
LH:3
BRF:0
BRH:0
end_of_record
TN:
SF:/Users/pelumialeshinloye/Documents/Pelumi/Banka-UI/src/components/common/input/input.js
FN:4,(anonymous_0)
FNF:1
FNH:1
FNDA:1,(anonymous_0)
DA:4,2
DA:5,1
DA:20,2
LF:3
LH:3
BRF:0
BRH:0
end_of_record
TN:
SF:/Users/pelumialeshinloye/Documents/Pelumi/Banka-UI/src/pages/signIn/signIn.js
FN:16,(anonymous_0)
FN:26,(anonymous_1)
FN:33,(anonymous_2)
FN:60,(anonymous_3)
FN:61,(anonymous_4)
FNF:5
FNH:3
FNDA:3,(anonymous_0)
FNDA:0,(anonymous_1)
FNDA:3,(anonymous_2)
FNDA:3,(anonymous_3)
FNDA:0,(anonymous_4)
DA:12,1
DA:13,1
DA:17,3
DA:18,3
DA:22,3
DA:27,0
DA:28,0
DA:33,3
DA:34,3
DA:61,3
DA:62,3
LF:11
LH:9
BRF:0
BRH:0
end_of_record
TN:
SF:/Users/pelumialeshinloye/Documents/Pelumi/Banka-UI/src/utils/index.js
FN:3,(anonymous_0)
FN:8,(anonymous_1)
FNF:2
FNH:2
FNDA:6,(anonymous_0)
FNDA:7,(anonymous_1)
DA:3,4
DA:4,6
DA:5,6
DA:8,4
DA:9,7
DA:10,7
LF:6
LH:6
BRF:0
BRH:0
end_of_record
